[2025-02-23 01:16:22,373: INFO : common: yaml file: config/config.yaml loaded successfully]
[2025-02-23 01:16:22,373: INFO : common: yaml file: params.yaml loaded successfully]
[2025-02-23 01:22:05,984: INFO : common: yaml file: config/config.yaml loaded successfully]
[2025-02-23 01:22:05,987: INFO : common: yaml file: params.yaml loaded successfully]
[2025-02-23 01:22:05,988: INFO : common: created directory at artifacts]
[2025-02-23 01:22:05,989: INFO : common: created directory at artifacts/data_ingestion]
[2025-02-23 01:22:05,989: INFO : 2399328493: Downloading data from https://drive.google.com/file/d/1IcEWOO8q8VpidPF4p51wlHPXXUnNONeZ/view?usp=share_link into file artifacts/data_ingestion/data.csv]
[2025-02-23 01:22:10,746: INFO : 2399328493: Downloaded data from https://drive.google.com/file/d/1IcEWOO8q8VpidPF4p51wlHPXXUnNONeZ/view?usp=share_link into file artifacts/data_ingestion/data.csv]
[2025-02-23 01:26:08,365: INFO : common: yaml file: config/config.yaml loaded successfully]
[2025-02-23 01:26:08,367: INFO : common: yaml file: params.yaml loaded successfully]
[2025-02-23 01:26:08,368: INFO : common: created directory at artifacts]
[2025-02-23 01:26:08,368: INFO : common: created directory at artifacts/data_ingestion]
[2025-02-23 01:26:08,369: INFO : 835529877: Downloading data from https://drive.google.com/file/d/1IcEWOO8q8VpidPF4p51wlHPXXUnNONeZ/view?usp=share_link into file artifacts/data_ingestion/data.csv]
[2025-02-23 01:26:13,169: INFO : 835529877: Downloaded data from https://drive.google.com/file/d/1IcEWOO8q8VpidPF4p51wlHPXXUnNONeZ/view?usp=share_link into file artifacts/data_ingestion/data.csv]
[2025-02-23 01:44:38,993: INFO : main: >>>>>> stage Data Ingestion started <<<<<<<<]
[2025-02-23 01:44:38,994: INFO : common: yaml file: config/config.yaml loaded successfully]
[2025-02-23 01:44:38,995: INFO : common: yaml file: params.yaml loaded successfully]
[2025-02-23 01:44:38,995: INFO : common: created directory at artifacts]
[2025-02-23 01:44:38,995: INFO : common: created directory at artifacts/data_ingestion]
[2025-02-23 01:44:38,995: INFO : data_ingestion: Downloading data from https://drive.google.com/file/d/1IcEWOO8q8VpidPF4p51wlHPXXUnNONeZ/view?usp=share_link into file artifacts/data_ingestion/data.csv]
[2025-02-23 01:44:43,785: INFO : data_ingestion: Downloaded data from https://drive.google.com/file/d/1IcEWOO8q8VpidPF4p51wlHPXXUnNONeZ/view?usp=share_link into file artifacts/data_ingestion/data.csv]
[2025-02-23 01:44:43,786: INFO : main: >>>>>> stage Data Ingestion completed <<<<<<<<]
[2025-02-23 05:13:52,697: INFO : main: >>>>>> stage Data Ingestion started <<<<<<<<]
[2025-02-23 05:13:52,699: INFO : common: yaml file: config/config.yaml loaded successfully]
[2025-02-23 05:13:52,699: INFO : common: yaml file: params.yaml loaded successfully]
[2025-02-23 05:13:52,699: INFO : common: created directory at artifacts]
[2025-02-23 05:13:52,699: INFO : common: created directory at artifacts/data_ingestion]
[2025-02-23 05:13:52,699: INFO : data_ingestion: Downloading data from https://drive.google.com/file/d/1IcEWOO8q8VpidPF4p51wlHPXXUnNONeZ/view?usp=share_link into file artifacts/data_ingestion/data.csv]
[2025-02-23 05:13:57,683: INFO : data_ingestion: Downloaded data from https://drive.google.com/file/d/1IcEWOO8q8VpidPF4p51wlHPXXUnNONeZ/view?usp=share_link into file artifacts/data_ingestion/data.csv]
[2025-02-23 05:13:57,684: INFO : main: >>>>>> stage Data Ingestion completed <<<<<<<<]
[2025-02-23 07:30:51,189: INFO : common: yaml file: config/config.yaml loaded successfully]
[2025-02-23 07:30:51,200: INFO : common: yaml file: params.yaml loaded successfully]
[2025-02-23 07:30:51,201: INFO : common: created directory at artifacts]
[2025-02-23 07:30:51,203: INFO : common: created directory at artifacts/prepare_model]
[2025-02-23 07:31:33,967: INFO : common: yaml file: config/config.yaml loaded successfully]
[2025-02-23 07:31:33,973: INFO : common: yaml file: params.yaml loaded successfully]
[2025-02-23 07:31:33,978: INFO : common: created directory at artifacts]
[2025-02-23 07:31:40,250: INFO : common: yaml file: config/config.yaml loaded successfully]
[2025-02-23 07:31:40,252: INFO : common: yaml file: params.yaml loaded successfully]
[2025-02-23 07:31:40,253: INFO : common: created directory at artifacts]
[2025-02-23 07:31:40,253: INFO : common: created directory at artifacts/prepare_model]
[2025-02-23 07:32:51,702: INFO : common: yaml file: config/config.yaml loaded successfully]
[2025-02-23 07:32:51,704: INFO : common: yaml file: params.yaml loaded successfully]
[2025-02-23 07:32:51,705: INFO : common: created directory at artifacts]
[2025-02-23 07:32:51,707: INFO : common: created directory at artifacts/prepare_model]
[2025-02-23 07:33:16,559: INFO : common: yaml file: config/config.yaml loaded successfully]
[2025-02-23 07:33:16,562: INFO : common: yaml file: params.yaml loaded successfully]
[2025-02-23 07:33:16,564: INFO : common: created directory at artifacts]
[2025-02-23 07:33:16,566: INFO : common: created directory at artifacts/prepare_model]
[2025-02-23 07:34:22,498: INFO : common: yaml file: config/config.yaml loaded successfully]
[2025-02-23 07:34:22,502: INFO : common: yaml file: params.yaml loaded successfully]
[2025-02-23 07:34:22,504: INFO : common: created directory at artifacts]
[2025-02-23 07:34:22,505: INFO : common: created directory at artifacts/prepare_model]
[2025-02-23 07:35:25,476: INFO : common: yaml file: config/config.yaml loaded successfully]
[2025-02-23 07:35:25,477: INFO : common: yaml file: params.yaml loaded successfully]
[2025-02-23 07:35:25,478: INFO : common: created directory at artifacts]
[2025-02-23 07:35:25,479: INFO : common: created directory at artifacts/prepare_model]
[2025-02-23 07:35:50,463: INFO : common: yaml file: config/config.yaml loaded successfully]
[2025-02-23 07:35:50,471: INFO : common: yaml file: params.yaml loaded successfully]
[2025-02-23 07:35:50,472: INFO : common: created directory at artifacts]
[2025-02-23 07:35:50,475: INFO : common: created directory at artifacts/prepare_model]
[2025-02-23 07:36:26,754: INFO : common: yaml file: config/config.yaml loaded successfully]
[2025-02-23 07:36:26,760: INFO : common: yaml file: params.yaml loaded successfully]
[2025-02-23 07:36:26,761: INFO : common: created directory at artifacts]
[2025-02-23 07:36:26,762: INFO : common: created directory at artifacts/prepare_model]
[2025-02-23 07:37:10,772: INFO : common: yaml file: config/config.yaml loaded successfully]
[2025-02-23 07:37:10,776: INFO : common: yaml file: params.yaml loaded successfully]
[2025-02-23 07:37:10,779: INFO : common: created directory at artifacts]
[2025-02-23 07:37:10,780: INFO : common: created directory at artifacts/prepare_model]
[2025-02-23 07:38:31,743: INFO : common: yaml file: config/config.yaml loaded successfully]
[2025-02-23 07:38:31,745: INFO : common: yaml file: params.yaml loaded successfully]
[2025-02-23 07:38:31,746: INFO : common: created directory at artifacts]
[2025-02-23 07:38:31,747: INFO : common: created directory at artifacts/prepare_model]
[2025-02-23 07:41:06,835: INFO : common: yaml file: config/config.yaml loaded successfully]
[2025-02-23 07:41:06,858: INFO : common: yaml file: params.yaml loaded successfully]
[2025-02-23 07:41:06,869: INFO : common: created directory at artifacts]
[2025-02-23 07:41:06,876: INFO : common: created directory at artifacts/prepare_model]
[2025-02-23 07:43:47,565: INFO : common: yaml file: config/config.yaml loaded successfully]
[2025-02-23 07:43:47,567: INFO : common: yaml file: params.yaml loaded successfully]
[2025-02-23 07:43:47,568: INFO : common: created directory at artifacts]
[2025-02-23 07:43:47,569: INFO : common: created directory at artifacts/prepare_model]
[2025-02-23 07:45:05,226: INFO : common: yaml file: config/config.yaml loaded successfully]
[2025-02-23 07:45:05,229: INFO : common: yaml file: params.yaml loaded successfully]
[2025-02-23 07:45:05,231: INFO : common: created directory at artifacts]
[2025-02-23 07:45:05,236: INFO : common: created directory at artifacts/prepare_model]
[2025-02-23 07:45:05,251: INFO : common: yaml file: config/config.yaml loaded successfully]
[2025-02-23 07:45:05,254: INFO : common: yaml file: params.yaml loaded successfully]
[2025-02-23 07:45:05,255: INFO : common: created directory at artifacts]
[2025-02-23 07:45:05,256: INFO : common: created directory at artifacts/prepare_model]
[2025-02-23 07:45:41,319: INFO : common: yaml file: config/config.yaml loaded successfully]
[2025-02-23 07:45:41,323: INFO : common: yaml file: params.yaml loaded successfully]
[2025-02-23 07:45:41,328: INFO : common: created directory at artifacts]
[2025-02-23 07:45:41,329: INFO : common: created directory at artifacts/prepare_model]
[2025-02-23 07:45:41,347: INFO : common: yaml file: config/config.yaml loaded successfully]
[2025-02-23 07:45:41,350: INFO : common: yaml file: params.yaml loaded successfully]
[2025-02-23 07:45:41,352: INFO : common: created directory at artifacts]
[2025-02-23 07:45:41,353: INFO : common: created directory at artifacts/prepare_model]
[2025-02-23 07:46:42,074: INFO : common: yaml file: config/config.yaml loaded successfully]
[2025-02-23 07:46:42,075: INFO : common: yaml file: params.yaml loaded successfully]
[2025-02-23 07:46:42,076: INFO : common: created directory at artifacts]
[2025-02-23 07:46:42,077: INFO : common: created directory at artifacts/prepare_model]
[2025-02-23 07:46:42,083: INFO : common: yaml file: config/config.yaml loaded successfully]
[2025-02-23 07:46:42,084: INFO : common: yaml file: params.yaml loaded successfully]
[2025-02-23 07:46:42,085: INFO : common: created directory at artifacts]
[2025-02-23 07:46:42,086: INFO : common: created directory at artifacts/prepare_model]
[2025-02-23 07:47:52,314: INFO : common: yaml file: config/config.yaml loaded successfully]
[2025-02-23 07:47:52,321: INFO : common: yaml file: params.yaml loaded successfully]
[2025-02-23 07:47:52,322: INFO : common: created directory at artifacts]
[2025-02-23 07:47:52,323: INFO : common: created directory at artifacts/prepare_model]
[2025-02-23 07:49:36,176: INFO : common: yaml file: config/config.yaml loaded successfully]
[2025-02-23 07:49:36,183: INFO : common: yaml file: params.yaml loaded successfully]
[2025-02-23 07:49:36,190: INFO : common: created directory at artifacts]
[2025-02-23 07:49:36,204: INFO : common: created directory at artifacts/prepare_model]
[2025-02-23 08:25:51,095: ERROR : main: name 'STAGE_NAME' is not defined]
Traceback (most recent call last):
  File "main.py", line 8, in <module>
    logger.info(f'Stage {STAGE_NAME} started')
NameError: name 'STAGE_NAME' is not defined
[2025-02-23 08:26:09,539: INFO : main: Stage data-ingestion started]
[2025-02-23 08:26:09,540: INFO : common: yaml file: config/config.yaml loaded successfully]
[2025-02-23 08:26:09,542: INFO : common: yaml file: params.yaml loaded successfully]
[2025-02-23 08:26:09,542: INFO : common: created directory at artifacts]
[2025-02-23 08:26:09,542: INFO : common: created directory at artifacts/data_ingestion]
[2025-02-23 08:26:09,542: INFO : data_ingestion: Downloading data from https://drive.google.com/file/d/1IcEWOO8q8VpidPF4p51wlHPXXUnNONeZ/view?usp=share_link into file artifacts/data_ingestion/data.csv]
[2025-02-23 08:26:15,069: INFO : data_ingestion: Downloaded data from https://drive.google.com/file/d/1IcEWOO8q8VpidPF4p51wlHPXXUnNONeZ/view?usp=share_link into file artifacts/data_ingestion/data.csv]
[2025-02-23 08:26:15,069: INFO : main: data-ingestion completed successfully...]
[2025-02-23 08:26:15,069: INFO : main: Stage data-ingestion started]
[2025-02-23 08:26:15,069: INFO : common: created directory at artifacts/setup_model]
[2025-02-23 08:26:16,886: INFO : main: setup-model completed successfully...]
[2025-02-23 11:04:09,782: INFO : common: yaml file: config/config.yaml loaded successfully]
[2025-02-23 11:04:09,787: INFO : common: yaml file: params.yaml loaded successfully]
[2025-02-23 11:04:09,788: INFO : common: created directory at artifacts]
[2025-02-23 11:04:09,788: INFO : common: created directory at artifacts/training]
[2025-02-23 11:04:43,606: INFO : common: yaml file: config/config.yaml loaded successfully]
[2025-02-23 11:04:43,611: INFO : common: yaml file: params.yaml loaded successfully]
[2025-02-23 11:04:43,612: INFO : common: created directory at artifacts]
[2025-02-23 11:04:43,612: INFO : common: created directory at artifacts/training]
[2025-02-23 11:04:53,228: INFO : common: yaml file: config/config.yaml loaded successfully]
[2025-02-23 11:04:53,230: INFO : common: yaml file: params.yaml loaded successfully]
[2025-02-23 11:04:53,230: INFO : common: created directory at artifacts]
[2025-02-23 11:04:53,231: INFO : common: created directory at artifacts/training]
[2025-02-23 11:05:02,653: INFO : common: yaml file: config/config.yaml loaded successfully]
[2025-02-23 11:05:02,658: INFO : common: yaml file: params.yaml loaded successfully]
[2025-02-23 11:05:02,661: INFO : common: created directory at artifacts]
[2025-02-23 11:05:02,662: INFO : common: created directory at artifacts/training]
[2025-02-23 11:05:12,629: INFO : common: yaml file: config/config.yaml loaded successfully]
[2025-02-23 11:05:12,634: INFO : common: yaml file: params.yaml loaded successfully]
[2025-02-23 11:05:12,636: INFO : common: created directory at artifacts]
[2025-02-23 11:05:12,638: INFO : common: created directory at artifacts/training]
[2025-02-23 11:06:23,042: INFO : common: yaml file: config/config.yaml loaded successfully]
[2025-02-23 11:06:23,045: INFO : common: yaml file: params.yaml loaded successfully]
[2025-02-23 11:06:23,046: INFO : common: created directory at artifacts]
[2025-02-23 11:06:23,046: INFO : common: created directory at artifacts/training]
[2025-02-23 11:06:43,159: INFO : common: yaml file: config/config.yaml loaded successfully]
[2025-02-23 11:06:43,160: INFO : common: yaml file: params.yaml loaded successfully]
[2025-02-23 11:06:43,161: INFO : common: created directory at artifacts]
[2025-02-23 11:06:43,162: INFO : common: created directory at artifacts/training]
[2025-02-23 11:13:41,696: INFO : common: yaml file: config/config.yaml loaded successfully]
[2025-02-23 11:13:41,699: INFO : common: yaml file: params.yaml loaded successfully]
[2025-02-23 11:13:41,699: INFO : common: created directory at artifacts]
[2025-02-23 11:13:41,700: INFO : common: created directory at artifacts/training]
[2025-02-23 11:13:57,344: INFO : common: yaml file: config/config.yaml loaded successfully]
[2025-02-23 11:13:57,346: INFO : common: yaml file: params.yaml loaded successfully]
[2025-02-23 11:13:57,347: INFO : common: created directory at artifacts]
[2025-02-23 11:13:57,348: INFO : common: created directory at artifacts/training]
[2025-02-23 11:14:18,923: INFO : common: yaml file: config/config.yaml loaded successfully]
[2025-02-23 11:14:18,925: INFO : common: yaml file: params.yaml loaded successfully]
[2025-02-23 11:14:18,925: INFO : common: created directory at artifacts]
[2025-02-23 11:14:18,926: INFO : common: created directory at artifacts/training]
[2025-02-23 11:14:55,718: INFO : common: yaml file: config/config.yaml loaded successfully]
[2025-02-23 11:14:55,721: INFO : common: yaml file: params.yaml loaded successfully]
[2025-02-23 11:14:55,722: INFO : common: created directory at artifacts]
[2025-02-23 11:14:55,722: INFO : common: created directory at artifacts/training]
[2025-02-23 11:15:26,601: INFO : common: yaml file: config/config.yaml loaded successfully]
[2025-02-23 11:15:26,603: INFO : common: yaml file: params.yaml loaded successfully]
[2025-02-23 11:15:26,604: INFO : common: created directory at artifacts]
[2025-02-23 11:15:26,605: INFO : common: created directory at artifacts/training]
[2025-02-23 11:21:34,361: INFO : common: yaml file: config/config.yaml loaded successfully]
[2025-02-23 11:21:34,367: INFO : common: yaml file: params.yaml loaded successfully]
[2025-02-23 11:21:34,368: INFO : common: created directory at artifacts]
[2025-02-23 11:21:34,369: INFO : common: created directory at artifacts/training]
[2025-02-23 11:26:23,572: INFO : common: yaml file: config/config.yaml loaded successfully]
[2025-02-23 11:26:23,577: INFO : common: yaml file: params.yaml loaded successfully]
[2025-02-23 11:26:23,580: INFO : common: created directory at artifacts]
[2025-02-23 11:26:23,584: INFO : common: created directory at artifacts/training]
[2025-02-23 11:28:53,661: INFO : common: yaml file: config/config.yaml loaded successfully]
[2025-02-23 11:28:53,666: INFO : common: yaml file: params.yaml loaded successfully]
[2025-02-23 11:28:53,670: INFO : common: created directory at artifacts]
[2025-02-23 11:28:53,674: INFO : common: created directory at artifacts/training]
[2025-02-23 11:29:58,367: INFO : main: Stage data-ingestion started]
[2025-02-23 11:29:58,369: INFO : common: yaml file: config/config.yaml loaded successfully]
[2025-02-23 11:29:58,371: INFO : common: yaml file: params.yaml loaded successfully]
[2025-02-23 11:29:58,372: INFO : common: created directory at artifacts]
[2025-02-23 11:29:58,372: INFO : common: created directory at artifacts/data_ingestion]
[2025-02-23 11:29:58,372: INFO : data_ingestion: Downloading data from https://drive.google.com/file/d/1IcEWOO8q8VpidPF4p51wlHPXXUnNONeZ/view?usp=share_link into file artifacts/data_ingestion/data.csv]
[2025-02-23 11:30:05,338: INFO : data_ingestion: Downloaded data from https://drive.google.com/file/d/1IcEWOO8q8VpidPF4p51wlHPXXUnNONeZ/view?usp=share_link into file artifacts/data_ingestion/data.csv]
[2025-02-23 11:30:05,339: INFO : main: data-ingestion completed successfully...]
[2025-02-23 11:30:05,339: INFO : main: Stage data-ingestion started]
[2025-02-23 11:30:05,340: INFO : common: created directory at artifacts/setup_model]
[2025-02-23 11:30:08,116: INFO : main: setup-model completed successfully...]
[2025-02-23 11:30:26,525: INFO : common: yaml file: config/config.yaml loaded successfully]
[2025-02-23 11:30:26,527: INFO : common: yaml file: params.yaml loaded successfully]
[2025-02-23 11:30:26,532: INFO : common: created directory at artifacts]
[2025-02-23 11:30:26,534: INFO : common: created directory at artifacts/training]
[2025-02-23 11:31:23,086: INFO : common: yaml file: config/config.yaml loaded successfully]
[2025-02-23 11:31:23,091: INFO : common: yaml file: params.yaml loaded successfully]
[2025-02-23 11:31:23,092: INFO : common: created directory at artifacts]
[2025-02-23 11:31:23,093: INFO : common: created directory at artifacts/training]
[2025-02-23 11:32:22,856: INFO : common: yaml file: config/config.yaml loaded successfully]
[2025-02-23 11:32:22,859: INFO : common: yaml file: params.yaml loaded successfully]
[2025-02-23 11:32:22,860: INFO : common: created directory at artifacts]
[2025-02-23 11:32:22,861: INFO : common: created directory at artifacts/training]
[2025-02-23 11:34:48,486: INFO : common: yaml file: config/config.yaml loaded successfully]
[2025-02-23 11:34:48,489: INFO : common: yaml file: params.yaml loaded successfully]
[2025-02-23 11:34:48,490: INFO : common: created directory at artifacts]
[2025-02-23 11:34:48,491: INFO : common: created directory at artifacts/training]
[2025-02-23 11:42:40,375: INFO : common: yaml file: config/config.yaml loaded successfully]
[2025-02-23 11:42:40,378: INFO : common: yaml file: params.yaml loaded successfully]
[2025-02-23 11:42:40,379: INFO : common: created directory at artifacts]
[2025-02-23 11:42:40,380: INFO : common: created directory at artifacts/training]
[2025-02-23 11:49:29,869: INFO : common: yaml file: config/config.yaml loaded successfully]
[2025-02-23 11:49:29,882: INFO : common: yaml file: params.yaml loaded successfully]
[2025-02-23 11:49:29,901: INFO : common: created directory at artifacts]
[2025-02-23 11:49:29,911: INFO : common: created directory at artifacts/training]
[2025-02-23 11:57:42,320: INFO : common: yaml file: config/config.yaml loaded successfully]
[2025-02-23 11:57:42,322: INFO : common: yaml file: params.yaml loaded successfully]
[2025-02-23 11:57:42,322: INFO : common: created directory at artifacts]
[2025-02-23 11:57:42,323: INFO : common: created directory at artifacts/training]
[2025-02-23 12:23:04,198: INFO : main: Stage data-ingestion started]
[2025-02-23 12:23:04,200: INFO : common: yaml file: config/config.yaml loaded successfully]
[2025-02-23 12:23:04,200: INFO : common: yaml file: params.yaml loaded successfully]
[2025-02-23 12:23:04,200: INFO : common: created directory at artifacts]
[2025-02-23 12:23:04,200: INFO : common: created directory at artifacts/data_ingestion]
[2025-02-23 12:23:04,200: INFO : data_ingestion: Downloading data from https://drive.google.com/file/d/1IcEWOO8q8VpidPF4p51wlHPXXUnNONeZ/view?usp=share_link into file artifacts/data_ingestion/data.csv]
[2025-02-23 12:23:09,578: INFO : data_ingestion: Downloaded data from https://drive.google.com/file/d/1IcEWOO8q8VpidPF4p51wlHPXXUnNONeZ/view?usp=share_link into file artifacts/data_ingestion/data.csv]
[2025-02-23 12:23:09,579: INFO : main: data-ingestion completed successfully...]
[2025-02-23 12:23:09,579: INFO : main: Stage setup-model started]
[2025-02-23 12:23:09,579: INFO : common: created directory at artifacts/setup_model]
[2025-02-23 12:23:11,028: INFO : main: setup-model completed successfully...]
[2025-02-23 12:23:11,032: INFO : main: Stage training started]
[2025-02-23 12:23:11,032: INFO : common: created directory at artifacts/training]
[2025-02-23 12:23:11,824: ERROR : main: name 'CustomDataset' is not defined]
Traceback (most recent call last):
  File "main.py", line 30, in <module>
    trainer.split_data()
  File "/Users/ernestodavidserizeportela/WorkSpace/toxic-chat-clf/src/bert_toxic_chat_clf/components/trainer.py", line 41, in split_data
    training_set = CustomDataset(train_dataset, self.config.params_max_len)
NameError: name 'CustomDataset' is not defined
[2025-02-23 12:23:35,607: INFO : main: Stage data-ingestion started]
[2025-02-23 12:23:35,607: INFO : common: yaml file: config/config.yaml loaded successfully]
[2025-02-23 12:23:35,608: INFO : common: yaml file: params.yaml loaded successfully]
[2025-02-23 12:23:35,608: INFO : common: created directory at artifacts]
[2025-02-23 12:23:35,608: INFO : common: created directory at artifacts/data_ingestion]
[2025-02-23 12:23:35,608: INFO : data_ingestion: Downloading data from https://drive.google.com/file/d/1IcEWOO8q8VpidPF4p51wlHPXXUnNONeZ/view?usp=share_link into file artifacts/data_ingestion/data.csv]
[2025-02-23 12:23:47,298: INFO : data_ingestion: Downloaded data from https://drive.google.com/file/d/1IcEWOO8q8VpidPF4p51wlHPXXUnNONeZ/view?usp=share_link into file artifacts/data_ingestion/data.csv]
[2025-02-23 12:23:47,299: INFO : main: data-ingestion completed successfully...]
[2025-02-23 12:23:47,299: INFO : main: Stage setup-model started]
[2025-02-23 12:23:47,299: INFO : common: created directory at artifacts/setup_model]
[2025-02-23 12:23:52,409: INFO : main: setup-model completed successfully...]
[2025-02-23 12:23:52,409: INFO : main: Stage training started]
[2025-02-23 12:23:52,409: INFO : common: created directory at artifacts/training]
[2025-02-23 12:38:32,044: INFO : main: training completed successfully...]
